<?xml version="1.0" encoding="UTF-8"?>
<!-- Generated by org.testng.reporters.JUnitReportReporter -->
<testsuite hostname="LAPTOP-QLG12OJ4" failures="0" tests="1" name="com.lambdatest.automation.HiddenElementsDemo" time="12.807" errors="0" timestamp="2022-12-12T15:49:19 IST" skipped="0">
  <testcase classname="com.lambdatest.automation.HiddenElementsDemo" name="basicTest" time="12.807"/>
  <system-out/>
</testsuite> <!-- com.lambdatest.automation.HiddenElementsDemo -->
